  Application.cpp
C:\Program Files (x86)\Windows Kits\10\Include\10.0.22621.0\ucrt\corecrt_math_defines.h(28,1): warning C4005: 'M_PI': macro redefinition
C:\Users\saramm3\Documents\GitHub\Motors\Pinky_Engine\SDL\include\SDL_stdinc.h(619): message : see previous definition of 'M_PI'
  Main.cpp
C:\Program Files (x86)\Windows Kits\10\Include\10.0.22621.0\ucrt\corecrt_math_defines.h(28,1): warning C4005: 'M_PI': macro redefinition
C:\Users\saramm3\Documents\GitHub\Motors\Pinky_Engine\SDL\include\SDL_stdinc.h(619): message : see previous definition of 'M_PI'
  ModuleCamera3D.cpp
C:\Program Files (x86)\Windows Kits\10\Include\10.0.22621.0\ucrt\corecrt_math_defines.h(28,1): warning C4005: 'M_PI': macro redefinition
C:\Users\saramm3\Documents\GitHub\Motors\Pinky_Engine\SDL\include\SDL_stdinc.h(619): message : see previous definition of 'M_PI'
  ModuleInput.cpp
C:\Program Files (x86)\Windows Kits\10\Include\10.0.22621.0\ucrt\corecrt_math_defines.h(28,1): warning C4005: 'M_PI': macro redefinition
C:\Users\saramm3\Documents\GitHub\Motors\Pinky_Engine\SDL\include\SDL_stdinc.h(619): message : see previous definition of 'M_PI'
C:\Users\saramm3\Documents\GitHub\Motors\Pinky_Engine\ModuleInput.cpp(65,24): warning C4244: '/=': conversion from 'double' to 'int', possible loss of data
C:\Users\saramm3\Documents\GitHub\Motors\Pinky_Engine\ModuleInput.cpp(66,24): warning C4244: '/=': conversion from 'double' to 'int', possible loss of data
C:\Users\saramm3\Documents\GitHub\Motors\Pinky_Engine\ModuleInput.cpp(103,25): warning C4244: '=': conversion from 'double' to 'int', possible loss of data
C:\Users\saramm3\Documents\GitHub\Motors\Pinky_Engine\ModuleInput.cpp(104,25): warning C4244: '=': conversion from 'double' to 'int', possible loss of data
C:\Users\saramm3\Documents\GitHub\Motors\Pinky_Engine\ModuleInput.cpp(106,35): warning C4244: '=': conversion from 'double' to 'int', possible loss of data
C:\Users\saramm3\Documents\GitHub\Motors\Pinky_Engine\ModuleInput.cpp(107,35): warning C4244: '=': conversion from 'double' to 'int', possible loss of data
  ModuleRenderer3D.cpp
C:\Program Files (x86)\Windows Kits\10\Include\10.0.22621.0\ucrt\corecrt_math_defines.h(28,1): warning C4005: 'M_PI': macro redefinition
C:\Users\saramm3\Documents\GitHub\Motors\Pinky_Engine\SDL\include\SDL_stdinc.h(619): message : see previous definition of 'M_PI'
  ModuleWindow.cpp
C:\Program Files (x86)\Windows Kits\10\Include\10.0.22621.0\ucrt\corecrt_math_defines.h(28,1): warning C4005: 'M_PI': macro redefinition
C:\Users\saramm3\Documents\GitHub\Motors\Pinky_Engine\SDL\include\SDL_stdinc.h(619): message : see previous definition of 'M_PI'
C:\Users\saramm3\Documents\GitHub\Motors\Pinky_Engine\ModuleWindow.cpp(30,13): warning C4244: 'initializing': conversion from 'double' to 'int', possible loss of data
C:\Users\saramm3\Documents\GitHub\Motors\Pinky_Engine\ModuleWindow.cpp(31,14): warning C4244: 'initializing': conversion from 'double' to 'int', possible loss of data
  Generating code
  2 of 2674 functions (<0.1%) were compiled, the rest were copied from previous compilation.
    0 functions were new in current compilation
    74 functions had inline decision re-evaluated but remain unchanged
  Finished generating code
  3D Physics.vcxproj -> C:\Users\saramm3\Documents\GitHub\Motors\Pinky_Engine\Release\Pinky_Engine.exe
